<?xml version="1.0" encoding="UTF-8"?>
<!-- Generated by org.testng.reporters.JUnitReportReporter -->
<testsuite hostname="DESKTOP-HBK8B2D" failures="0" tests="6" name="api.test.DDTests" time="15.038" errors="0" timestamp="2024-07-14T18:24:59 IST" skipped="0">
  <testcase classname="api.test.DDTests" name="testPostuser" time="2.036"/>
  <system-out/>
  <testcase classname="api.test.DDTests" name="testPostuser" time="1.925"/>
  <system-out/>
  <testcase classname="api.test.DDTests" name="testPostuser" time="4.886"/>
  <system-out/>
  <testcase classname="api.test.DDTests" name="testDeleteUserbyName" time="1.905"/>
  <system-out/>
  <testcase classname="api.test.DDTests" name="testDeleteUserbyName" time="2.045"/>
  <system-out/>
  <testcase classname="api.test.DDTests" name="testDeleteUserbyName" time="2.241"/>
  <system-out/>
</testsuite> <!-- api.test.DDTests -->
