<?xml version="1.0" encoding="UTF-8"?>
<!-- Generated by org.testng.reporters.JUnitReportReporter -->
<testsuite hostname="DESKTOP-HBK8B2D" failures="0" tests="4" name="api.test.UserTests2" time="15.290" errors="0" timestamp="2024-07-14T21:04:42 IST" skipped="0">
  <testcase classname="api.test.UserTests2" name="testPostUser" time="8.998"/>
  <system-out/>
  <testcase classname="api.test.UserTests2" name="testGetUserByName" time="1.520"/>
  <system-out/>
  <testcase classname="api.test.UserTests2" name="testUpdateUserByName" time="3.205"/>
  <system-out/>
  <testcase classname="api.test.UserTests2" name="testDeleteUserByName" time="1.567"/>
  <system-out/>
</testsuite> <!-- api.test.UserTests2 -->
