<?xml version="1.0" encoding="UTF-8"?>
<!-- Generated by org.testng.reporters.JUnitReportReporter -->
<testsuite hostname="DESKTOP-HBK8B2D" failures="0" tests="4" name="api.test.UserTests" time="18.886" errors="0" timestamp="2024-07-14T19:15:41 IST" skipped="0">
  <testcase classname="api.test.UserTests" name="testPostUser" time="12.369"/>
  <system-out/>
  <testcase classname="api.test.UserTests" name="testGetUserByName" time="1.632"/>
  <system-out/>
  <testcase classname="api.test.UserTests" name="testUpdateUserByName" time="3.204"/>
  <system-out/>
  <testcase classname="api.test.UserTests" name="testDeleteUserByName" time="1.681"/>
  <system-out/>
</testsuite> <!-- api.test.UserTests -->
