<?xml version="1.0" encoding="UTF-8"?>
<!-- Generated by org.testng.reporters.JUnitReportReporter -->
<testsuite hostname="DESKTOP-HBK8B2D" failures="0" tests="4" name="api.test.UserTests" time="8.020" errors="0" timestamp="2024-07-14T22:37:16 IST" skipped="0">
  <testcase classname="api.test.UserTests" name="testPostUser" time="1.510"/>
  <system-out/>
  <testcase classname="api.test.UserTests" name="testGetUserByName" time="1.720"/>
  <system-out/>
  <testcase classname="api.test.UserTests" name="testUpdateUserByName" time="3.193"/>
  <system-out/>
  <testcase classname="api.test.UserTests" name="testDeleteUserByName" time="1.597"/>
  <system-out/>
</testsuite> <!-- api.test.UserTests -->
