<?xml version="1.0" encoding="UTF-8"?>
<!-- Generated by org.testng.reporters.JUnitReportReporter -->
<testsuite hostname="DESKTOP-HBK8B2D" failures="0" tests="6" name="api.test.DDTests" time="12.767" errors="0" timestamp="2024-07-14T22:37:15 IST" skipped="0">
  <testcase classname="api.test.DDTests" name="testPostuser" time="1.554"/>
  <system-out/>
  <testcase classname="api.test.DDTests" name="testPostuser" time="4.786"/>
  <system-out/>
  <testcase classname="api.test.DDTests" name="testPostuser" time="1.600"/>
  <system-out/>
  <testcase classname="api.test.DDTests" name="testDeleteUserbyName" time="1.551"/>
  <system-out/>
  <testcase classname="api.test.DDTests" name="testDeleteUserbyName" time="1.595"/>
  <system-out/>
  <testcase classname="api.test.DDTests" name="testDeleteUserbyName" time="1.681"/>
  <system-out/>
</testsuite> <!-- api.test.DDTests -->
